2019-08-21 10:20:51,164 [12] INFO  ProjectManageServer.Common.AppLog [(null)] - 
=========================================开始=====================================================

数据库:Data Source=192.168.108.134/orcl;User Id=cp2;Password=123456;
查询语句：select is_enable from flc_object where obj_code='0184'执行结果:成功

=========================================结束=====================================================

2019-08-21 10:21:24,816 [10] INFO  ProjectManageServer.Common.AppLog [(null)] - 
=========================================开始=====================================================

数据库:Data Source=192.168.108.134/orcl;User Id=cp2;Password=123456;
查询语句：select is_enable from flc_object where obj_code='0184'执行结果:成功

=========================================结束=====================================================

2019-08-21 10:22:05,549 [13] INFO  ProjectManageServer.Common.AppLog [(null)] - 
=========================================开始=====================================================

数据库:Data Source=192.168.108.134/orcl;User Id=cp2;Password=123456;
查询语句：select is_enable from flc_object where obj_code='0184'执行结果:成功

=========================================结束=====================================================

2019-08-21 10:28:08,695 [6] INFO  ProjectManageServer.Common.AppLog [(null)] - 
=========================================开始=====================================================

数据库:Data Source=192.168.108.134/orcl;User Id=cp2;
查询语句：select is_enable from flc_object where obj_code='TTECHNICS'执行结果:成功

=========================================结束=====================================================

2019-08-21 10:28:10,610 [4] INFO  ProjectManageServer.Common.AppLog [(null)] - 
=========================================开始=====================================================

数据库:Data Source=192.168.108.134/orcl;User Id=cp2;
查询语句：select value from flc_lang where key='TTECHNICS' and lan='zn_CN'执行结果:成功

=========================================结束=====================================================

2019-08-21 10:28:10,927 [15] INFO  ProjectManageServer.Common.AppLog [(null)] - 
=========================================开始=====================================================

数据库:Data Source=192.168.108.134/orcl;User Id=cp2;
查询语句：select value from flc_lang where key='TTECHNICS' and lan='en_US'执行结果:成功

=========================================结束=====================================================

2019-08-21 10:28:16,625 [10] INFO  ProjectManageServer.Common.AppLog [(null)] - 
=========================================开始=====================================================

数据库:Data Source=192.168.108.134/orcl;User Id=cp2;
查询语句：Select * from FLC_OBJECTS where obj_code = :obj_code
参数:	参数名：obj_code<->参数值：TTECHNICS
执行结果:成功

=========================================结束=====================================================

2019-08-21 10:28:18,702 [13] INFO  ProjectManageServer.Common.AppLog [(null)] - 
=========================================开始=====================================================

数据库:Data Source=192.168.108.134/orcl;User Id=cp2;
查询语句：select value from flc_lang where key='TTECHNICS.DATA_TTECHNICS' and lan='zn_CN'执行结果:成功

=========================================结束=====================================================

2019-08-21 10:28:18,731 [11] INFO  ProjectManageServer.Common.AppLog [(null)] - 
=========================================开始=====================================================

数据库:Data Source=192.168.108.134/orcl;User Id=cp2;
查询语句：select value from flc_lang where key='TTECHNICS.DATA_TTECHNICS' and lan='en_US'执行结果:成功

=========================================结束=====================================================

2019-08-21 10:28:18,739 [16] INFO  ProjectManageServer.Common.AppLog [(null)] - 
=========================================开始=====================================================

数据库:Data Source=192.168.108.134/orcl;User Id=cp2;
查询语句：select value from flc_lang where key='TTECHNICS.DATA_TTECHNICS_ITEM0' and lan='zn_CN'执行结果:成功

=========================================结束=====================================================

2019-08-21 10:28:18,744 [17] INFO  ProjectManageServer.Common.AppLog [(null)] - 
=========================================开始=====================================================

数据库:Data Source=192.168.108.134/orcl;User Id=cp2;
查询语句：select value from flc_lang where key='TTECHNICS.DATA_TTECHNICS_ITEM0' and lan='en_US'执行结果:成功

=========================================结束=====================================================

2019-08-21 10:28:18,945 [18] INFO  ProjectManageServer.Common.AppLog [(null)] - 
=========================================开始=====================================================

数据库:Data Source=192.168.108.134/orcl;User Id=cp2;
查询语句：Select * from FLC_OBJECT_PROPERTY where obj_code = '{0}'
参数:	参数名：obj_code<->参数值：TTECHNICS
执行结果:成功

=========================================结束=====================================================

2019-08-21 10:28:19,001 [19] INFO  ProjectManageServer.Common.AppLog [(null)] - 
=========================================开始=====================================================

数据库:Data Source=192.168.108.134/orcl;User Id=cp2;
查询语句：select obj_code,value from flc_object t left join flc_lang e on 
                                           t.obj_code=e.key and e.lan='zn_CN'执行结果:成功

=========================================结束=====================================================

2019-08-21 10:28:19,033 [20] INFO  ProjectManageServer.Common.AppLog [(null)] - 
=========================================开始=====================================================

数据库:Data Source=192.168.108.134/orcl;User Id=cp2;
查询语句：select obj_table from flc_objects where obj_code='TTECHNICS'执行结果:成功

=========================================结束=====================================================

