2019-08-30 16:40:54,115 [7] INFO  ProjectManageServer.Common.AppLog [(null)] - 
=========================================开始=====================================================

数据库:Data Source=192.168.108.134/orcl;User Id=cp2;
查询语句：select count(*) from FLC_OBJECT where obj_code = :obj_code
参数:	参数名：obj_code<->参数值：TTECHNICS
执行结果:成功

=========================================结束=====================================================

2019-08-30 16:40:54,795 [4] INFO  ProjectManageServer.Common.AppLog [(null)] - 
=========================================开始=====================================================

数据库:Data Source=192.168.108.134/orcl;User Id=cp2;
查询语句：GetSerialNum
参数:	参数名：keyCode<->参数值：FLC_OBJECT	参数名：Type<->参数值：1	参数名：SerialNum<->参数值：248	参数名：SerialLength<->参数值：10
执行结果:成功

=========================================结束=====================================================

2019-08-30 16:40:55,858 [14] INFO  ProjectManageServer.Common.AppLog [(null)] - 
=========================================开始=====================================================

数据库:Data Source=192.168.108.134/orcl;User Id=cp2;
查询语句：insert into FLC_OBJECT(id,obj_code,is_enable) values (:id,:obj_code,:is_enable)
参数:	参数名：id<->参数值：248	参数名：obj_code<->参数值：TTECHNICS	参数名：is_enable<->参数值：是
执行结果:失败:ORA-01722: 无效数字

=========================================结束=====================================================

2019-08-30 16:41:04,102 [15] INFO  ProjectManageServer.Common.AppLog [(null)] - 
=========================================开始=====================================================

数据库:Data Source=192.168.108.134/orcl;User Id=cp2;
查询语句：select count(*) from FLC_OBJECT where obj_code = :obj_code
参数:	参数名：obj_code<->参数值：TTECHNICS
执行结果:成功

=========================================结束=====================================================

2019-08-30 16:41:04,136 [16] INFO  ProjectManageServer.Common.AppLog [(null)] - 
=========================================开始=====================================================

数据库:Data Source=192.168.108.134/orcl;User Id=cp2;
查询语句：GetSerialNum
参数:	参数名：keyCode<->参数值：FLC_OBJECT	参数名：Type<->参数值：1	参数名：SerialNum<->参数值：248	参数名：SerialLength<->参数值：10
执行结果:成功

=========================================结束=====================================================

2019-08-30 16:41:04,285 [17] INFO  ProjectManageServer.Common.AppLog [(null)] - 
=========================================开始=====================================================

数据库:Data Source=192.168.108.134/orcl;User Id=cp2;
查询语句：insert into FLC_OBJECT(id,obj_code,is_enable) values (:id,:obj_code,:is_enable)
参数:	参数名：id<->参数值：248	参数名：obj_code<->参数值：TTECHNICS	参数名：is_enable<->参数值：是
执行结果:失败:ORA-01722: 无效数字

=========================================结束=====================================================

