2019-08-29 11:38:10,493 [15] INFO  ProjectManageServer.Common.AppLog [(null)] - 
=========================================开始=====================================================

数据库:Data Source=192.168.108.134/orcl;User Id=cp2;Password=123456;
查询语句：GetSerialNum执行结果:失败:An enumerable sequence of parameters (arrays, lists, etc) is not allowed in this context

=========================================结束=====================================================

2019-08-29 11:39:38,626 [11] INFO  ProjectManageServer.Common.AppLog [(null)] - 
=========================================开始=====================================================

数据库:Data Source=192.168.108.134/orcl;User Id=cp2;
查询语句：select count(*) from FLC_OBJECT where obj_code = :obj_code
参数:	参数名：obj_code<->参数值：TTECHNICS
执行结果:成功

=========================================结束=====================================================

2019-08-29 11:39:44,217 [12] INFO  ProjectManageServer.Common.AppLog [(null)] - 
=========================================开始=====================================================

数据库:Data Source=192.168.108.134/orcl;User Id=cp2;
查询语句：GetSerialNum
参数:	参数名：keyCode<->参数值：FLC_OBJECT	参数名：Type<->参数值：1	参数名：SerialNum<->参数值：238	参数名：SerialLength<->参数值：10
执行结果:成功

=========================================结束=====================================================

2019-08-29 11:42:22,504 [13] INFO  ProjectManageServer.Common.AppLog [(null)] - 
=========================================开始=====================================================

数据库:Data Source=192.168.108.134/orcl;User Id=cp2;
查询语句：select count(*) from FLC_OBJECT where obj_code = :obj_code
参数:	参数名：obj_code<->参数值：TTECHNICS
执行结果:成功

=========================================结束=====================================================

2019-08-29 12:02:44,229 [17] INFO  ProjectManageServer.Common.AppLog [(null)] - 
=========================================开始=====================================================

数据库:Data Source=192.168.108.134/orcl;User Id=cp2;
查询语句：GetSerialNum
参数:	参数名：keyCode<->参数值：FLC_OBJECT	参数名：Type<->参数值：1	参数名：SerialNum<->参数值：240	参数名：SerialLength<->参数值：10
执行结果:成功

=========================================结束=====================================================

2019-08-29 12:02:44,414 [19] INFO  ProjectManageServer.Common.AppLog [(null)] - 
=========================================开始=====================================================

数据库:Data Source=192.168.108.134/orcl;User Id=cp2;
查询语句：insert into FLC_OBJECT(id,obj_code,is_enable) values (:id,:obj_code,:is_enable)
参数:	参数名：id<->参数值：0	参数名：obj_code<->参数值：TTECHNICS	参数名：is_enable<->参数值：是
执行结果:失败:ORA-01722: 无效数字

=========================================结束=====================================================

2019-08-29 12:06:46,464 [11] INFO  ProjectManageServer.Common.AppLog [(null)] - 
=========================================开始=====================================================

数据库:Data Source=192.168.108.134/orcl;User Id=cp2;
查询语句：select count(*) from FLC_OBJECT where obj_code = :obj_code
参数:	参数名：obj_code<->参数值：TTECHNICS
执行结果:成功

=========================================结束=====================================================

2019-08-29 12:07:30,400 [14] INFO  ProjectManageServer.Common.AppLog [(null)] - 
=========================================开始=====================================================

数据库:Data Source=192.168.108.134/orcl;User Id=cp2;
查询语句：GetSerialNum
参数:	参数名：keyCode<->参数值：FLC_OBJECT	参数名：Type<->参数值：1	参数名：SerialNum<->参数值：241	参数名：SerialLength<->参数值：10
执行结果:成功

=========================================结束=====================================================

2019-08-29 12:07:57,160 [12] INFO  ProjectManageServer.Common.AppLog [(null)] - 
=========================================开始=====================================================

数据库:Data Source=192.168.108.134/orcl;User Id=cp2;
查询语句：GetSerialNum
参数:	参数名：keyCode<->参数值：FLC_OBJECT	参数名：Type<->参数值：1	参数名：SerialNum<->参数值：242	参数名：SerialLength<->参数值：10
执行结果:成功

=========================================结束=====================================================

2019-08-29 12:09:40,797 [18] INFO  ProjectManageServer.Common.AppLog [(null)] - 
=========================================开始=====================================================

数据库:Data Source=192.168.108.134/orcl;User Id=cp2;
查询语句：insert into FLC_OBJECT(id,obj_code,is_enable) values (:id,:obj_code,:is_enable)
参数:	参数名：id<->参数值：0	参数名：obj_code<->参数值：TTECHNICS	参数名：is_enable<->参数值：是
执行结果:失败:ORA-01722: 无效数字

=========================================结束=====================================================

2019-08-29 13:54:17,941 [12] INFO  ProjectManageServer.Common.AppLog [(null)] - 
=========================================开始=====================================================

数据库:Data Source=192.168.108.134/orcl;User Id=cp2;
查询语句：select count(*) from FLC_OBJECT where obj_code = :obj_code
参数:	参数名：obj_code<->参数值：TTECHNICS
执行结果:成功

=========================================结束=====================================================

2019-08-29 13:56:22,285 [6] INFO  ProjectManageServer.Common.AppLog [(null)] - 
=========================================开始=====================================================

数据库:Data Source=192.168.108.134/orcl;User Id=cp2;
查询语句：select count(*) from FLC_OBJECT where obj_code = :obj_code
参数:	参数名：obj_code<->参数值：TTECHNICS
执行结果:成功

=========================================结束=====================================================

2019-08-29 14:03:47,989 [15] INFO  ProjectManageServer.Common.AppLog [(null)] - 
=========================================开始=====================================================

数据库:Data Source=192.168.108.134/orcl;User Id=cp2;
查询语句：GetSerialNum
参数:	参数名：keyCode<->参数值：FLC_OBJECT	参数名：Type<->参数值：1	参数名：SerialNum<->参数值：244	参数名：SerialLength<->参数值：10
执行结果:成功

=========================================结束=====================================================

2019-08-29 14:06:30,127 [17] INFO  ProjectManageServer.Common.AppLog [(null)] - 
=========================================开始=====================================================

数据库:Data Source=192.168.108.134/orcl;User Id=cp2;
查询语句：GetSerialNum
参数:	参数名：keyCode<->参数值：FLC_OBJECT	参数名：Type<->参数值：1	参数名：SerialNum<->参数值：245	参数名：SerialLength<->参数值：10
执行结果:成功

=========================================结束=====================================================

2019-08-29 14:10:32,626 [8] INFO  ProjectManageServer.Common.AppLog [(null)] - 
=========================================开始=====================================================

数据库:Data Source=192.168.108.134/orcl;User Id=cp2;
查询语句：select count(*) from FLC_OBJECT where obj_code = :obj_code
参数:	参数名：obj_code<->参数值：TTECHNICS
执行结果:成功

=========================================结束=====================================================

2019-08-29 14:10:36,245 [12] INFO  ProjectManageServer.Common.AppLog [(null)] - 
=========================================开始=====================================================

数据库:Data Source=192.168.108.134/orcl;User Id=cp2;
查询语句：GetSerialNum
参数:	参数名：keyCode<->参数值：FLC_OBJECT	参数名：Type<->参数值：1	参数名：SerialNum<->参数值：246	参数名：SerialLength<->参数值：10
执行结果:成功

=========================================结束=====================================================

2019-08-29 14:24:11,408 [12] INFO  ProjectManageServer.Common.AppLog [(null)] - 
=========================================开始=====================================================

数据库:Data Source=192.168.108.134/orcl;User Id=cp2;
查询语句：select count(*) from FLC_OBJECT where obj_code = :obj_code
参数:	参数名：obj_code<->参数值：TTECHNICS
执行结果:成功

=========================================结束=====================================================

2019-08-29 14:24:11,672 [14] INFO  ProjectManageServer.Common.AppLog [(null)] - 
=========================================开始=====================================================

数据库:Data Source=192.168.108.134/orcl;User Id=cp2;
查询语句：GetSerialNum
参数:	参数名：keyCode<->参数值：FLC_OBJECT	参数名：Type<->参数值：1	参数名：SerialNum<->参数值：0	参数名：SerialLength<->参数值：0
执行结果:失败:ORA-06502: PL/SQL: 数字或值错误 :  字符串缓冲区太小
ORA-06512: 在 line 1

=========================================结束=====================================================

2019-08-29 14:26:07,546 [11] INFO  ProjectManageServer.Common.AppLog [(null)] - 
=========================================开始=====================================================

数据库:Data Source=192.168.108.134/orcl;User Id=cp2;
查询语句：select count(*) from FLC_OBJECT where obj_code = :obj_code
参数:	参数名：obj_code<->参数值：TTECHNICS
执行结果:成功

=========================================结束=====================================================

2019-08-29 14:45:17,887 [12] INFO  ProjectManageServer.Common.AppLog [(null)] - 
=========================================开始=====================================================

数据库:Data Source=192.168.108.134/orcl;User Id=cp2;
查询语句：select count(*) from FLC_OBJECT where obj_code = :obj_code
参数:	参数名：obj_code<->参数值：TTECHNICS
执行结果:成功

=========================================结束=====================================================

2019-08-29 14:45:18,009 [13] INFO  ProjectManageServer.Common.AppLog [(null)] - 
=========================================开始=====================================================

数据库:Data Source=192.168.108.134/orcl;User Id=cp2;
查询语句：GetSerialNum
参数:	参数名：keyCode<->参数值：FLC_OBJECT	参数名：Type<->参数值：1	参数名：SerialNum<->参数值：248	参数名：SerialLength<->参数值：10
执行结果:成功

=========================================结束=====================================================

2019-08-29 14:45:21,874 [14] INFO  ProjectManageServer.Common.AppLog [(null)] - 
=========================================开始=====================================================

数据库:Data Source=192.168.108.134/orcl;User Id=cp2;
查询语句：insert into FLC_OBJECT(id,obj_code,is_enable) values (:id,:obj_code,:is_enable)
参数:	参数名：id<->参数值：248	参数名：obj_code<->参数值：TTECHNICS	参数名：is_enable<->参数值：是
执行结果:失败:ORA-01722: 无效数字

=========================================结束=====================================================

