2019-08-28 16:12:01,018 [5] INFO  ProjectManageServer.Common.AppLog [(null)] - 
=========================================开始=====================================================

数据库:Data Source=192.168.108.134/orcl;User Id=cp2;
查询语句：delete FLC_OBJECT where obj_code = :obj_code
参数:	参数名：obj_code<->参数值：TTECHNICS
执行结果:成功

=========================================结束=====================================================

2019-08-28 16:12:01,226 [11] INFO  ProjectManageServer.Common.AppLog [(null)] - 
=========================================开始=====================================================

数据库:Data Source=192.168.108.134/orcl;User Id=cp2;
查询语句：select count(*) from FLC_OBJECT where obj_code = :obj_code
参数:	参数名：obj_code<->参数值：TTECHNICS
执行结果:成功

=========================================结束=====================================================

2019-08-28 16:13:01,929 [14] INFO  ProjectManageServer.Common.AppLog [(null)] - 
=========================================开始=====================================================

数据库:Data Source=192.168.108.134/orcl;User Id=cp2;
查询语句：GetSerialNum
参数:	参数名：water<->参数值：FLC_OBJECT	参数名：type<->参数值：1	参数名：a<->参数值：0	参数名：b<->参数值：0
执行结果:失败:ORA-06550: 第 1 行, 第 7 列: 
PLS-00306: 调用 'GETSERIALNUM' 时参数个数或类型错误
ORA-06550: 第 1 行, 第 7 列: 
PL/SQL: Statement ignored

=========================================结束=====================================================

2019-08-28 16:13:53,379 [17] INFO  ProjectManageServer.Common.AppLog [(null)] - 
=========================================开始=====================================================

数据库:Data Source=192.168.108.134/orcl;User Id=cp2;
查询语句：GetSerialNum
参数:	参数名：water<->参数值：FLC_OBJECT	参数名：type<->参数值：1	参数名：a<->参数值：0	参数名：b<->参数值：0
执行结果:失败:ORA-06550: 第 1 行, 第 7 列: 
PLS-00306: 调用 'GETSERIALNUM' 时参数个数或类型错误
ORA-06550: 第 1 行, 第 7 列: 
PL/SQL: Statement ignored

=========================================结束=====================================================

2019-08-28 16:14:56,299 [19] INFO  ProjectManageServer.Common.AppLog [(null)] - 
=========================================开始=====================================================

数据库:Data Source=192.168.108.134/orcl;User Id=cp2;
查询语句：insert into FLC_OBJECT(id,obj_code,is_enable) values (:id,:obj_code,:is_enable)
参数:	参数名：id<->参数值：0	参数名：obj_code<->参数值：TTECHNICS	参数名：is_enable<->参数值：是
执行结果:失败:ORA-01722: 无效数字

=========================================结束=====================================================

